app/build/intermediates/manifest_merge_blame_file/release/manifest-merger-blame-release-report.txt
1<?xml version="1.0" encoding="utf-8"?>
2<manifest xmlns:android="http://schemas.android.com/apk/res/android"
3    package="com.waste.treatment"
4    android:versionCode="1"
5    android:versionName="1.0" >
6
7    <uses-sdk
8        android:minSdkVersion="21"
8-->src/main/AndroidManifest.xml
9        android:targetSdkVersion="29" />
9-->src/main/AndroidManifest.xml
10    <!-- 访问网络，进行地图相关业务数据请求，包括地图数据，路线规划，POI检索等 -->
11    <uses-permission android:name="android.permission.INTERNET" /> <!-- 获取网络状态，根据网络状态切换进行数据请求网络转换 -->
11-->src/main/AndroidManifest.xml:6:5-67
11-->src/main/AndroidManifest.xml:6:22-64
12    <uses-permission android:name="android.permission.ACCESS_NETWORK_STATE" /> <!-- 读取外置存储。如果开发者使用了so动态加载功能并且把so文件放在了外置存储区域，则需要申请该权限，否则不需要 -->
12-->src/main/AndroidManifest.xml:7:5-79
12-->src/main/AndroidManifest.xml:7:22-76
13    <uses-permission android:name="android.permission.READ_EXTERNAL_STORAGE" /> <!-- 写外置存储。如果开发者使用了离线地图，并且数据写在外置存储区域，则需要申请该权限 -->
13-->src/main/AndroidManifest.xml:8:5-80
13-->src/main/AndroidManifest.xml:8:22-77
14    <uses-permission android:name="android.permission.WRITE_EXTERNAL_STORAGE" />
14-->src/main/AndroidManifest.xml:9:5-81
14-->src/main/AndroidManifest.xml:9:22-78
15    <uses-permission android:name="android.permission.ACCESS_FINE_LOCATION" />
15-->src/main/AndroidManifest.xml:10:5-79
15-->src/main/AndroidManifest.xml:10:22-76
16    <uses-permission android:name="android.permission.ACCESS_LOCATION_EXTRA_COMMANDS" />
16-->src/main/AndroidManifest.xml:11:5-89
16-->src/main/AndroidManifest.xml:11:22-86
17    <uses-permission android:name="android.permission.ACCESS_COARSE_LOCATION" />
17-->src/main/AndroidManifest.xml:12:5-81
17-->src/main/AndroidManifest.xml:12:22-78
18    <uses-permission android:name="android.preference.READ_PHONE_STATE" /> <!-- 用于访问wifi网络信息，wifi信息会用于进行网络定位 -->
18-->src/main/AndroidManifest.xml:13:5-75
18-->src/main/AndroidManifest.xml:13:22-72
19    <uses-permission android:name="android.permission.ACCESS_WIFI_STATE" /> <!-- 这个权限用于获取wifi的获取权限，wifi信息会用来进行网络定位 -->
19-->src/main/AndroidManifest.xml:14:5-76
19-->src/main/AndroidManifest.xml:14:22-73
20    <uses-permission android:name="android.permission.CHANGE_WIFI_STATE" /> <!-- Android O之后开启前台服务需要申请该权限 -->
20-->src/main/AndroidManifest.xml:15:5-76
20-->src/main/AndroidManifest.xml:15:22-73
21    <uses-permission android:name="android.permission.FOREGROUND_SERVICE" /> <!-- Android Q之后，后台定位需要申请该权限 -->
21-->src/main/AndroidManifest.xml:16:5-77
21-->src/main/AndroidManifest.xml:16:22-74
22    <uses-permission android:name="android.permission.ACCESS_BACKGROUND_LOCATION" /> <!-- 用于Android M及以上系统，申请加入忽略电池优化白名单，可选权限，非必须 -->
22-->src/main/AndroidManifest.xml:17:5-85
22-->src/main/AndroidManifest.xml:17:22-82
23    <uses-permission android:name="android.permission.REQUEST_IGNORE_BATTERY_OPTIMIZATIONS" />
23-->src/main/AndroidManifest.xml:18:5-95
23-->src/main/AndroidManifest.xml:18:22-92
24    <uses-permission android:name="android.permission.READ_PHONE_STATE" />
24-->src/main/AndroidManifest.xml:19:5-74
24-->src/main/AndroidManifest.xml:19:22-72
25    <uses-permission android:name="android.permission.RECEIVE_BOOT_COMPLETED" />
25-->src/main/AndroidManifest.xml:20:5-97
25-->src/main/AndroidManifest.xml:20:22-78
26    <uses-permission android:name="android.permission.CAMERA" />
26-->[com.github.wildma:PictureSelector:1.1.3] AndroidManifest.xml:11:5-65
26-->[com.github.wildma:PictureSelector:1.1.3] AndroidManifest.xml:11:22-62
27
28    <application
28-->src/main/AndroidManifest.xml:22:5-74:19
29        android:name="com.waste.treatment.WasteTreatmentApplication"
29-->src/main/AndroidManifest.xml:23:9-50
30        android:allowBackup="true"
30-->src/main/AndroidManifest.xml:24:9-35
31        android:appComponentFactory="androidx.core.app.CoreComponentFactory"
31-->[androidx.core:core:1.1.0] AndroidManifest.xml:24:18-86
32        android:icon="@mipmap/icon_name"
32-->src/main/AndroidManifest.xml:25:9-41
33        android:label="@string/app_name"
33-->src/main/AndroidManifest.xml:26:9-41
34        android:roundIcon="@mipmap/ic_launcher_round"
34-->src/main/AndroidManifest.xml:27:9-54
35        android:supportsRtl="true"
35-->src/main/AndroidManifest.xml:28:9-35
36        android:theme="@style/AppTheme" >
36-->src/main/AndroidManifest.xml:29:9-40
37        <activity android:name="com.waste.treatment.ui.test.TraceActivity" />
37-->src/main/AndroidManifest.xml:31:9-68
37-->src/main/AndroidManifest.xml:31:19-56
38        <activity android:name="com.waste.treatment.ui.InvalidRecyleActivity" />
38-->src/main/AndroidManifest.xml:32:9-62
38-->src/main/AndroidManifest.xml:32:19-59
39        <activity android:name="com.waste.treatment.ui.QueryActivity" />
39-->src/main/AndroidManifest.xml:33:9-54
39-->src/main/AndroidManifest.xml:33:19-51
40        <activity android:name="com.waste.treatment.ui.test.TestScanActivity" /> <!-- <activity android:name=".ui.test.PrintTestActivity"></activity> -->
40-->src/main/AndroidManifest.xml:34:9-62
40-->src/main/AndroidManifest.xml:34:19-59
41        <!-- <activity android:name=".ui.test.MapTestActivity"></activity> -->
42        <activity android:name="com.waste.treatment.ui.RouteActivity" /> <!-- <activity android:name=".ui.test.UploadImageActivity"></activity> -->
42-->src/main/AndroidManifest.xml:36:9-54
42-->src/main/AndroidManifest.xml:36:19-51
43        <activity android:name="com.waste.treatment.ui.RuiKuActivity" /> <!-- <activity android:name=".http.RxJavaTestActivity"></activity> -->
43-->src/main/AndroidManifest.xml:37:9-54
43-->src/main/AndroidManifest.xml:37:19-51
44        <activity android:name="com.waste.treatment.ui.PrintSetActivity" />
44-->src/main/AndroidManifest.xml:38:9-57
44-->src/main/AndroidManifest.xml:38:19-54
45        <activity android:name="com.waste.treatment.ui.ChangePasswordActivity" />
45-->src/main/AndroidManifest.xml:39:9-63
45-->src/main/AndroidManifest.xml:39:19-60
46        <activity android:name="com.waste.treatment.ui.test.PrintTestActivity" />
46-->src/main/AndroidManifest.xml:40:9-63
46-->src/main/AndroidManifest.xml:40:19-60
47        <activity android:name="com.waste.treatment.ui.CollectActivity" />
47-->src/main/AndroidManifest.xml:41:9-56
47-->src/main/AndroidManifest.xml:41:19-53
48        <activity android:name="com.waste.treatment.ui.ScanActivity" />
48-->src/main/AndroidManifest.xml:42:9-53
48-->src/main/AndroidManifest.xml:42:19-50
49        <activity android:name="com.waste.treatment.ui.MainActivity" />
49-->src/main/AndroidManifest.xml:43:9-53
49-->src/main/AndroidManifest.xml:43:19-50
50        <activity android:name="com.waste.treatment.ui.LoginActivity" >
50-->src/main/AndroidManifest.xml:44:9-50:20
50-->src/main/AndroidManifest.xml:44:19-51
51            <intent-filter>
51-->src/main/AndroidManifest.xml:45:13-49:29
52                <action android:name="android.intent.action.MAIN" />
52-->src/main/AndroidManifest.xml:46:17-69
52-->src/main/AndroidManifest.xml:46:25-66
53
54                <category android:name="android.intent.category.LAUNCHER" />
54-->src/main/AndroidManifest.xml:48:17-77
54-->src/main/AndroidManifest.xml:48:27-74
55            </intent-filter>
56        </activity>
57
58        <service
58-->src/main/AndroidManifest.xml:52:9-55:41
59            android:name="com.baidu.location.f"
59-->src/main/AndroidManifest.xml:53:13-48
60            android:enabled="true"
60-->src/main/AndroidManifest.xml:54:13-35
61            android:process=":remote" /> <!-- 百度地图 -->
61-->src/main/AndroidManifest.xml:55:13-38
62
63        <service
63-->src/main/AndroidManifest.xml:57:9-61:19
64            android:name="com.baidu.trace.LBSTraceService"
64-->src/main/AndroidManifest.xml:58:13-59
65            android:enabled="true"
65-->src/main/AndroidManifest.xml:59:13-35
66            android:process=":remote" >
66-->src/main/AndroidManifest.xml:60:13-38
67        </service>
68
69        <meta-data
69-->src/main/AndroidManifest.xml:62:9-64:64
70            android:name="com.baidu.lbsapi.API_KEY"
70-->src/main/AndroidManifest.xml:63:13-52
71            android:value="3aFRd1FXNeP8jquqDAAtMcoern4RzQ6B" />
71-->src/main/AndroidManifest.xml:64:13-61
72
73        <receiver
73-->src/main/AndroidManifest.xml:65:9-72:20
74            android:name="com.waste.treatment.receiver.MyReceiver"
74-->src/main/AndroidManifest.xml:66:13-48
75            android:enabled="true"
75-->src/main/AndroidManifest.xml:67:13-35
76            android:exported="true" >
76-->src/main/AndroidManifest.xml:68:13-36
77            <intent-filter android:priority="1000" >
77-->src/main/AndroidManifest.xml:69:13-71:29
77-->src/main/AndroidManifest.xml:69:28-51
78                <action android:name="android.intent.action.BOOT_COMPLETED" />
78-->src/main/AndroidManifest.xml:70:17-78
78-->src/main/AndroidManifest.xml:70:25-76
79            </intent-filter>
80        </receiver>
81
82        <service android:name="com.waste.treatment.service.MyService" />
82-->src/main/AndroidManifest.xml:73:9-53
82-->src/main/AndroidManifest.xml:73:18-51
83
84        <activity
84-->[com.github.wildma:PictureSelector:1.1.3] AndroidManifest.xml:19:9-21:75
85            android:name="com.wildma.pictureselector.PictureSelectActivity"
85-->[com.github.wildma:PictureSelector:1.1.3] AndroidManifest.xml:20:13-76
86            android:theme="@android:style/Theme.Translucent.NoTitleBar" />
86-->[com.github.wildma:PictureSelector:1.1.3] AndroidManifest.xml:21:13-72
87
88        <provider
88-->[com.github.wildma:PictureSelector:1.1.3] AndroidManifest.xml:23:9-31:20
89            android:name="androidx.core.content.FileProvider"
89-->[com.github.wildma:PictureSelector:1.1.3] AndroidManifest.xml:24:13-62
90            android:authorities="com.waste.treatment.fileProvider"
90-->[com.github.wildma:PictureSelector:1.1.3] AndroidManifest.xml:25:13-64
91            android:exported="false"
91-->[com.github.wildma:PictureSelector:1.1.3] AndroidManifest.xml:26:13-37
92            android:grantUriPermissions="true" >
92-->[com.github.wildma:PictureSelector:1.1.3] AndroidManifest.xml:27:13-47
93            <meta-data
93-->[com.github.wildma:PictureSelector:1.1.3] AndroidManifest.xml:28:13-30:54
94                android:name="android.support.FILE_PROVIDER_PATHS"
94-->[com.github.wildma:PictureSelector:1.1.3] AndroidManifest.xml:29:17-67
95                android:resource="@xml/file_paths" />
95-->[com.github.wildma:PictureSelector:1.1.3] AndroidManifest.xml:30:17-51
96        </provider>
97
98        <activity
98-->[me.weyye.hipermission:library:1.0.7] AndroidManifest.xml:14:9-18:57
99            android:name="me.weyye.hipermission.PermissionActivity"
99-->[me.weyye.hipermission:library:1.0.7] AndroidManifest.xml:15:13-68
100            android:configChanges="orientation|keyboardHidden"
100-->[me.weyye.hipermission:library:1.0.7] AndroidManifest.xml:16:13-63
101            android:screenOrientation="portrait"
101-->[me.weyye.hipermission:library:1.0.7] AndroidManifest.xml:17:13-49
102            android:theme="@style/CustomTheme_Dialog" />
102-->[me.weyye.hipermission:library:1.0.7] AndroidManifest.xml:18:13-54
103    </application>
104
105</manifest>